[INFO] Scanning for projects...
[WARNING]
[WARNING] Some problems were encountered while building the effective model for org.assertj:assertj-vavr:jar:0.4.4-SNAPSHOT
[WARNING] The expression ${inceptionYear} is deprecated. Please use ${project.inceptionYear} instead.
[WARNING]
[WARNING] It is highly recommended to fix these problems because they threaten the stability of your build.
[WARNING]
[WARNING] For this reason, future Maven versions might no longer support building such malformed projects.
[WARNING]
[INFO] Inspecting build with total of 1 modules...
[INFO] Installing Nexus Staging features:
[INFO]   ... total of 1 executions of maven-deploy-plugin replaced with nexus-staging-maven-plugin
[INFO]
[INFO] ----------------------< org.assertj:assertj-vavr >----------------------
[INFO] Building AssertJ fluent assertions for Vavr 0.4.4-SNAPSHOT
[INFO]   from pom.xml
[INFO] --------------------------------[ jar ]---------------------------------
[INFO]
[INFO] --- maven-enforcer-plugin:3.1.0:enforce (enforce-maven) @ assertj-vavr ---
[INFO]
[INFO] --- jacoco-maven-plugin:0.8.8:prepare-agent (prepare-agent) @ assertj-vavr ---
[INFO] argLine set to -javaagent:/home/asmahamidi/.m2/repository/org/jacoco/org.jacoco.agent/0.8.8/org.jacoco.agent-0.8.8-runtime.jar=destfile=/home/asmahamidi/code/mBERTa/tmp/mvn_projects/assertj_assertj_vavr_1/target/jacoco.exec
[INFO]
[INFO] --- maven-resources-plugin:3.2.0:resources (default-resources) @ assertj-vavr ---
[INFO] Using 'UTF-8' encoding to copy filtered resources.
[INFO] Using 'UTF-8' encoding to copy filtered properties files.
[INFO] skip non existing resourceDirectory /home/asmahamidi/code/mBERTa/tmp/mvn_projects/assertj_assertj_vavr_1/src/main/resources
[INFO]
[INFO] --- maven-compiler-plugin:3.10.1:compile (default-compile) @ assertj-vavr ---
[INFO] Nothing to compile - all classes are up to date
[INFO]
[INFO] --- maven-resources-plugin:3.2.0:testResources (default-testResources) @ assertj-vavr ---
[INFO] Using 'UTF-8' encoding to copy filtered resources.
[INFO] Using 'UTF-8' encoding to copy filtered properties files.
[INFO] skip non existing resourceDirectory /home/asmahamidi/code/mBERTa/tmp/mvn_projects/assertj_assertj_vavr_1/src/test/resources
[INFO]
[INFO] --- maven-compiler-plugin:3.10.1:testCompile (default-testCompile) @ assertj-vavr ---
[INFO] Changes detected - recompiling the module!
[INFO] Compiling 142 source files to /home/asmahamidi/code/mBERTa/tmp/mvn_projects/assertj_assertj_vavr_1/target/test-classes
[INFO] /home/asmahamidi/code/mBERTa/tmp/mvn_projects/assertj_assertj_vavr_1/src/test/java/org/assertj/vavr/api/SeqAssert_isSortedAccordingTo_Test.java: Some input files use unchecked or unsafe operations.
[INFO] /home/asmahamidi/code/mBERTa/tmp/mvn_projects/assertj_assertj_vavr_1/src/test/java/org/assertj/vavr/api/SeqAssert_isSortedAccordingTo_Test.java: Recompile with -Xlint:unchecked for details.
[INFO]
[INFO] --- maven-surefire-plugin:2.22.2:test (default-test) @ assertj-vavr ---
[INFO]
[INFO] -------------------------------------------------------
[INFO]  T E S T S
[INFO] -------------------------------------------------------
[INFO] Running org.assertj.vavr.api.SeqAssert_contains_atIndex_Test
[INFO] Tests run: 5, Failures: 0, Errors: 0, Skipped: 0, Time elapsed: 0.125 s - in org.assertj.vavr.api.SeqAssert_contains_atIndex_Test
[INFO] Running org.assertj.vavr.api.ValidationAssert_isInvalid_Test
[INFO] Tests run: 3, Failures: 0, Errors: 0, Skipped: 0, Time elapsed: 0.001 s - in org.assertj.vavr.api.ValidationAssert_isInvalid_Test
[INFO] Running org.assertj.vavr.api.EitherAssert_containsLeft_Test
[INFO] Tests run: 4, Failures: 0, Errors: 0, Skipped: 0, Time elapsed: 0.003 s - in org.assertj.vavr.api.EitherAssert_containsLeft_Test
[INFO] Running org.assertj.vavr.api.SetAssert_hasSize_Test
[INFO] Tests run: 3, Failures: 0, Errors: 0, Skipped: 0, Time elapsed: 0.014 s - in org.assertj.vavr.api.SetAssert_hasSize_Test
[INFO] Running org.assertj.vavr.api.TryAssert_hasValueSatisfying_Condition_Test
[INFO] Tests run: 4, Failures: 0, Errors: 0, Skipped: 0, Time elapsed: 0.009 s - in org.assertj.vavr.api.TryAssert_hasValueSatisfying_Condition_Test
[INFO] Running org.assertj.vavr.api.SeqAssert_containsExactly_inAnyOrder_Test
[INFO] Tests run: 5, Failures: 0, Errors: 0, Skipped: 0, Time elapsed: 0.012 s - in org.assertj.vavr.api.SeqAssert_containsExactly_inAnyOrder_Test
[INFO] Running org.assertj.vavr.api.MapAssert_containsExactly_Test
[INFO] Tests run: 9, Failures: 0, Errors: 0, Skipped: 0, Time elapsed: 0.033 s - in org.assertj.vavr.api.MapAssert_containsExactly_Test
[INFO] Running org.assertj.vavr.api.MapAssert_doesNotContainValues_Test
[INFO] Tests run: 4, Failures: 0, Errors: 0, Skipped: 0, Time elapsed: 0.014 s - in org.assertj.vavr.api.MapAssert_doesNotContainValues_Test
[INFO] Running org.assertj.vavr.api.MultimapAssert_containsOnly_Test
[INFO] Tests run: 7, Failures: 0, Errors: 0, Skipped: 0, Time elapsed: 0.011 s - in org.assertj.vavr.api.MultimapAssert_containsOnly_Test
[INFO] Running org.assertj.vavr.api.MultimapAssert_doesNotContain_entries_Test
[INFO] Tests run: 6, Failures: 0, Errors: 0, Skipped: 0, Time elapsed: 0.004 s - in org.assertj.vavr.api.MultimapAssert_doesNotContain_entries_Test
[INFO] Running org.assertj.vavr.api.ValidationAssert_containsInvalid_usingFieldByFieldValueComparator_Test
[INFO] Tests run: 5, Failures: 0, Errors: 0, Skipped: 0, Time elapsed: 0.01 s - in org.assertj.vavr.api.ValidationAssert_containsInvalid_usingFieldByFieldValueComparator_Test
[INFO] Running org.assertj.vavr.api.ValidationAssert_isValid_Test
[INFO] Tests run: 3, Failures: 0, Errors: 0, Skipped: 0, Time elapsed: 0.002 s - in org.assertj.vavr.api.ValidationAssert_isValid_Test
[INFO] Running org.assertj.vavr.api.MapAssert_containsOnly_Test
[INFO] Tests run: 7, Failures: 0, Errors: 0, Skipped: 0, Time elapsed: 0.004 s - in org.assertj.vavr.api.MapAssert_containsOnly_Test
[INFO] Running org.assertj.vavr.api.MultimapAssert_containsKey_Test
[INFO] Tests run: 5, Failures: 0, Errors: 0, Skipped: 0, Time elapsed: 0.003 s - in org.assertj.vavr.api.MultimapAssert_containsKey_Test
[INFO] Running org.assertj.vavr.api.EitherAssert_containsOnLeft_usingFieldByFieldValueComparator_Test
[INFO] Tests run: 4, Failures: 0, Errors: 0, Skipped: 0, Time elapsed: 0.002 s - in org.assertj.vavr.api.EitherAssert_containsOnLeft_usingFieldByFieldValueComparator_Test
[INFO] Running org.assertj.vavr.api.ValidationAssert_containsValidSatisfying_Condition_Test
[INFO] Tests run: 5, Failures: 0, Errors: 0, Skipped: 0, Time elapsed: 0.004 s - in org.assertj.vavr.api.ValidationAssert_containsValidSatisfying_Condition_Test
[INFO] Running org.assertj.vavr.api.ValidationAssert_containsInvalid_Test
[INFO] Tests run: 5, Failures: 0, Errors: 0, Skipped: 0, Time elapsed: 0.003 s - in org.assertj.vavr.api.ValidationAssert_containsInvalid_Test
[INFO] Running org.assertj.vavr.api.TryAssert_containsInstanceOf_Test
[INFO] Tests run: 4, Failures: 0, Errors: 0, Skipped: 0, Time elapsed: 0.008 s - in org.assertj.vavr.api.TryAssert_containsInstanceOf_Test
[INFO] Running org.assertj.vavr.api.Option_assertion_methods_in_assumptions_Test
[INFO] Tests run: 14, Failures: 0, Errors: 0, Skipped: 0, Time elapsed: 0.481 s - in org.assertj.vavr.api.Option_assertion_methods_in_assumptions_Test
[INFO] Running org.assertj.vavr.api.LazyAssert_isEvaluated_Test
[INFO] Tests run: 3, Failures: 0, Errors: 0, Skipped: 0, Time elapsed: 0.002 s - in org.assertj.vavr.api.LazyAssert_isEvaluated_Test
[INFO] Running org.assertj.vavr.api.Set_assertion_methods_in_assumptions_Test
[INFO] Tests run: 18, Failures: 0, Errors: 0, Skipped: 0, Time elapsed: 0.239 s - in org.assertj.vavr.api.Set_assertion_methods_in_assumptions_Test
[INFO] Running org.assertj.vavr.api.Lazy_assertion_methods_in_assumptions_Test
[INFO] Tests run: 4, Failures: 0, Errors: 0, Skipped: 0, Time elapsed: 0.063 s - in org.assertj.vavr.api.Lazy_assertion_methods_in_assumptions_Test
[INFO] Running org.assertj.vavr.api.OptionAssert_isEmpty_Test
[INFO] Tests run: 3, Failures: 0, Errors: 0, Skipped: 0, Time elapsed: 0.002 s - in org.assertj.vavr.api.OptionAssert_isEmpty_Test
[INFO] Running org.assertj.vavr.api.TryAssert_containsSame_Test
[INFO] Tests run: 7, Failures: 0, Errors: 0, Skipped: 0, Time elapsed: 0.004 s - in org.assertj.vavr.api.TryAssert_containsSame_Test
[INFO] Running org.assertj.vavr.api.SeqAssert_satisfies_atIndex_Test
[INFO] Tests run: 5, Failures: 0, Errors: 0, Skipped: 0, Time elapsed: 0.002 s - in org.assertj.vavr.api.SeqAssert_satisfies_atIndex_Test
[INFO] Running org.assertj.vavr.api.TryAssert_failReasonHasMessage_Test
[INFO] Tests run: 4, Failures: 0, Errors: 0, Skipped: 0, Time elapsed: 0.001 s - in org.assertj.vavr.api.TryAssert_failReasonHasMessage_Test
[INFO] Running org.assertj.vavr.api.MapAssert_hasSizeLessThan_Test
[INFO] Tests run: 3, Failures: 0, Errors: 0, Skipped: 0, Time elapsed: 0.001 s - in org.assertj.vavr.api.MapAssert_hasSizeLessThan_Test
[INFO] Running org.assertj.vavr.api.Validation_assertion_methods_in_assumptions_Test
[INFO] Tests run: 16, Failures: 0, Errors: 0, Skipped: 0, Time elapsed: 0.075 s - in org.assertj.vavr.api.Validation_assertion_methods_in_assumptions_Test
[INFO] Running org.assertj.vavr.api.ValidationAssert_containsInvalid_usingValueComparator_Test
[INFO] Tests run: 5, Failures: 0, Errors: 0, Skipped: 0, Time elapsed: 0.003 s - in org.assertj.vavr.api.ValidationAssert_containsInvalid_usingValueComparator_Test
[INFO] Running org.assertj.vavr.api.EitherAssert_containsOnRight_usingFieldByFieldValueComparator_Test
[INFO] Tests run: 4, Failures: 0, Errors: 0, Skipped: 0, Time elapsed: 0.003 s - in org.assertj.vavr.api.EitherAssert_containsOnRight_usingFieldByFieldValueComparator_Test
[INFO] Running org.assertj.vavr.api.VavrInstanceOfAssertFactoriesTest
[INFO] Tests run: 18, Failures: 0, Errors: 0, Skipped: 0, Time elapsed: 0.012 s - in org.assertj.vavr.api.VavrInstanceOfAssertFactoriesTest
[INFO] Running org.assertj.vavr.api.EitherAssert_containsLeftSame_Test
[INFO] Tests run: 4, Failures: 0, Errors: 0, Skipped: 0, Time elapsed: 0.002 s - in org.assertj.vavr.api.EitherAssert_containsLeftSame_Test
[INFO] Running org.assertj.vavr.api.MapAssert_containsKeys_Test
[INFO] Tests run: 5, Failures: 0, Errors: 0, Skipped: 0, Time elapsed: 0.002 s - in org.assertj.vavr.api.MapAssert_containsKeys_Test
[INFO] Running org.assertj.vavr.api.MapAssert_containsValues_Test
[INFO] Tests run: 4, Failures: 0, Errors: 0, Skipped: 0, Time elapsed: 0.002 s - in org.assertj.vavr.api.MapAssert_containsValues_Test
[INFO] Running org.assertj.vavr.api.OptionAssert_map_Test
[INFO] Tests run: 3, Failures: 0, Errors: 0, Skipped: 0, Time elapsed: 0.007 s - in org.assertj.vavr.api.OptionAssert_map_Test
[INFO] Running org.assertj.vavr.api.MultiMapAssert_isNotEqualTo_Test
[INFO] Tests run: 3, Failures: 0, Errors: 0, Skipped: 0, Time elapsed: 0.004 s - in org.assertj.vavr.api.MultiMapAssert_isNotEqualTo_Test
[INFO] Running org.assertj.vavr.api.TryAssert_contains_usingValueComparator_Test
[INFO] Tests run: 3, Failures: 0, Errors: 0, Skipped: 0, Time elapsed: 0.001 s - in org.assertj.vavr.api.TryAssert_contains_usingValueComparator_Test
[INFO] Running org.assertj.vavr.api.TryAssert_isSuccess_Test
[INFO] Tests run: 3, Failures: 0, Errors: 0, Skipped: 0, Time elapsed: 0.001 s - in org.assertj.vavr.api.TryAssert_isSuccess_Test
[INFO] Running org.assertj.vavr.api.MapAssert_contains_anyOf_entries_Test
[INFO] Tests run: 7, Failures: 0, Errors: 0, Skipped: 0, Time elapsed: 0.002 s - in org.assertj.vavr.api.MapAssert_contains_anyOf_entries_Test
[INFO] Running org.assertj.vavr.api.MultimapAssert_containsEntry_Test
[INFO] Tests run: 3, Failures: 0, Errors: 0, Skipped: 0, Time elapsed: 0.001 s - in org.assertj.vavr.api.MultimapAssert_containsEntry_Test
[INFO] Running org.assertj.vavr.api.ValidationAssert_containsValid_usingFieldByFieldValueComparator_Test
[INFO] Tests run: 4, Failures: 0, Errors: 0, Skipped: 0, Time elapsed: 0.002 s - in org.assertj.vavr.api.ValidationAssert_containsValid_usingFieldByFieldValueComparator_Test
[INFO] Running org.assertj.vavr.api.MultimapAssert_hasSize_Test
[INFO] Tests run: 3, Failures: 0, Errors: 0, Skipped: 0, Time elapsed: 0.001 s - in org.assertj.vavr.api.MultimapAssert_hasSize_Test
[INFO] Running org.assertj.vavr.api.ValidationAssert_containsValidSame_Test
[INFO] Tests run: 4, Failures: 0, Errors: 0, Skipped: 0, Time elapsed: 0.001 s - in org.assertj.vavr.api.ValidationAssert_containsValidSame_Test
[INFO] Running org.assertj.vavr.api.MultimapAssert_doesNotContainKey_Test
[INFO] Tests run: 5, Failures: 0, Errors: 0, Skipped: 0, Time elapsed: 0.002 s - in org.assertj.vavr.api.MultimapAssert_doesNotContainKey_Test
[INFO] Running org.assertj.vavr.api.MapAssert_isNullOrEmpty_Test
[INFO] Tests run: 3, Failures: 0, Errors: 0, Skipped: 0, Time elapsed: 0.001 s - in org.assertj.vavr.api.MapAssert_isNullOrEmpty_Test
[INFO] Running org.assertj.vavr.api.MultimapAssert_contains_entries_Test
[INFO] Tests run: 7, Failures: 0, Errors: 0, Skipped: 0, Time elapsed: 0.002 s - in org.assertj.vavr.api.MultimapAssert_contains_entries_Test
[INFO] Running org.assertj.vavr.api.EitherAssert_containsRightSame_Test
[INFO] Tests run: 4, Failures: 0, Errors: 0, Skipped: 0, Time elapsed: 0.002 s - in org.assertj.vavr.api.EitherAssert_containsRightSame_Test
[INFO] Running org.assertj.vavr.api.EitherAssert_containsRightInstanceOf_Test
[INFO] Tests run: 5, Failures: 0, Errors: 0, Skipped: 0, Time elapsed: 0.002 s - in org.assertj.vavr.api.EitherAssert_containsRightInstanceOf_Test
[INFO] Running org.assertj.vavr.api.MapAssert_doesNotContainEntry_Test
[INFO] Tests run: 4, Failures: 0, Errors: 0, Skipped: 0, Time elapsed: 0.002 s - in org.assertj.vavr.api.MapAssert_doesNotContainEntry_Test
[INFO] Running org.assertj.vavr.api.EitherAssert_containsLeftInstanceOf_Test
[INFO] Tests run: 5, Failures: 0, Errors: 0, Skipped: 0, Time elapsed: 0.001 s - in org.assertj.vavr.api.EitherAssert_containsLeftInstanceOf_Test
[INFO] Running org.assertj.vavr.api.TryAssert_failBecauseOf_Test
[INFO] Tests run: 4, Failures: 0, Errors: 0, Skipped: 0, Time elapsed: 0.001 s - in org.assertj.vavr.api.TryAssert_failBecauseOf_Test
[INFO] Running org.assertj.vavr.api.MapAssert_doesNotContainKeys_Test
[INFO] Tests run: 5, Failures: 0, Errors: 0, Skipped: 0, Time elapsed: 0.002 s - in org.assertj.vavr.api.MapAssert_doesNotContainKeys_Test
[INFO] Running org.assertj.vavr.api.MapAssert_containsOnlyKeys_Test
[INFO] Tests run: 6, Failures: 0, Errors: 0, Skipped: 0, Time elapsed: 0.004 s - in org.assertj.vavr.api.MapAssert_containsOnlyKeys_Test
[INFO] Running org.assertj.vavr.api.ValidationAssert_containsInvalidSatisfying_Condition_Test
[INFO] Tests run: 5, Failures: 0, Errors: 0, Skipped: 0, Time elapsed: 0.001 s - in org.assertj.vavr.api.ValidationAssert_containsInvalidSatisfying_Condition_Test
[INFO] Running org.assertj.vavr.api.MapAssert_isNotEqualTo_Test
[INFO] Tests run: 3, Failures: 0, Errors: 0, Skipped: 0, Time elapsed: 0 s - in org.assertj.vavr.api.MapAssert_isNotEqualTo_Test
[INFO] Running org.assertj.vavr.api.ValidationAssert_containsValid_usingValueComparator_Test
[INFO] Tests run: 4, Failures: 0, Errors: 0, Skipped: 0, Time elapsed: 0.001 s - in org.assertj.vavr.api.ValidationAssert_containsValid_usingValueComparator_Test
[INFO] Running org.assertj.vavr.api.MultimapAssert_hasSameSizeAs_Iterable_Test
[INFO] Tests run: 4, Failures: 0, Errors: 0, Skipped: 0, Time elapsed: 0.002 s - in org.assertj.vavr.api.MultimapAssert_hasSameSizeAs_Iterable_Test
[INFO] Running org.assertj.vavr.api.MultimapAssert_doesNotContainValues_Test
[INFO] Tests run: 4, Failures: 0, Errors: 0, Skipped: 0, Time elapsed: 0.003 s - in org.assertj.vavr.api.MultimapAssert_doesNotContainValues_Test
[INFO] Running org.assertj.vavr.api.MapAssert_containsEntry_Test
[INFO] Tests run: 3, Failures: 0, Errors: 0, Skipped: 0, Time elapsed: 0.001 s - in org.assertj.vavr.api.MapAssert_containsEntry_Test
[INFO] Running org.assertj.vavr.api.OptionAssert_isDefined_Test
[INFO] Tests run: 3, Failures: 0, Errors: 0, Skipped: 0, Time elapsed: 0 s - in org.assertj.vavr.api.OptionAssert_isDefined_Test
[INFO] Running org.assertj.vavr.api.SeqAssert_isSortedAccordingTo_Test
[INFO] Tests run: 6, Failures: 0, Errors: 0, Skipped: 0, Time elapsed: 0.004 s - in org.assertj.vavr.api.SeqAssert_isSortedAccordingTo_Test
[INFO] Running org.assertj.vavr.api.MapAssert_isEmpty_Test
[INFO] Tests run: 3, Failures: 0, Errors: 0, Skipped: 0, Time elapsed: 0.001 s - in org.assertj.vavr.api.MapAssert_isEmpty_Test
[INFO] Running org.assertj.vavr.api.MultimapAssert_hasSizeGreaterThan_Test
[INFO] Tests run: 3, Failures: 0, Errors: 0, Skipped: 0, Time elapsed: 0.001 s - in org.assertj.vavr.api.MultimapAssert_hasSizeGreaterThan_Test
[INFO] Running org.assertj.vavr.api.EitherAssert_containsOnLeft_usingValueComparator_Test
[INFO] Tests run: 4, Failures: 0, Errors: 0, Skipped: 0, Time elapsed: 0 s - in org.assertj.vavr.api.EitherAssert_containsOnLeft_usingValueComparator_Test
[INFO] Running org.assertj.vavr.api.ValidationAssert_containsInvalidInstanceOf_Test
[INFO] Tests run: 5, Failures: 0, Errors: 0, Skipped: 0, Time elapsed: 0.001 s - in org.assertj.vavr.api.ValidationAssert_containsInvalidInstanceOf_Test
[INFO] Running org.assertj.vavr.api.MapAssert_isNotEmpty_Test
[INFO] Tests run: 3, Failures: 0, Errors: 0, Skipped: 0, Time elapsed: 0.001 s - in org.assertj.vavr.api.MapAssert_isNotEmpty_Test
[INFO] Running org.assertj.vavr.api.EitherAssert_hasRightValueSatisfying_Test
[INFO] Tests run: 4, Failures: 0, Errors: 0, Skipped: 0, Time elapsed: 0.002 s - in org.assertj.vavr.api.EitherAssert_hasRightValueSatisfying_Test
[INFO] Running org.assertj.vavr.api.MapAssert_containsAllEntriesOf_Test
[INFO] Tests run: 7, Failures: 0, Errors: 0, Skipped: 0, Time elapsed: 0.002 s - in org.assertj.vavr.api.MapAssert_containsAllEntriesOf_Test
[INFO] Running org.assertj.vavr.api.ValidationAssert_containsValid_Test
[INFO] Tests run: 4, Failures: 0, Errors: 0, Skipped: 0, Time elapsed: 0.001 s - in org.assertj.vavr.api.ValidationAssert_containsValid_Test
[INFO] Running org.assertj.vavr.api.MultimapAssert_allSatisfy_Test
[INFO] Tests run: 5, Failures: 0, Errors: 0, Skipped: 0, Time elapsed: 0.002 s - in org.assertj.vavr.api.MultimapAssert_allSatisfy_Test
[INFO] Running org.assertj.vavr.api.MapAssert_isEqualTo_Test
[INFO] Tests run: 3, Failures: 0, Errors: 0, Skipped: 0, Time elapsed: 0.001 s - in org.assertj.vavr.api.MapAssert_isEqualTo_Test
[INFO] Running org.assertj.vavr.api.LazyAssert_isNotEvaluated_Test
[INFO] Tests run: 3, Failures: 0, Errors: 0, Skipped: 0, Time elapsed: 0.001 s - in org.assertj.vavr.api.LazyAssert_isNotEvaluated_Test
[INFO] Running org.assertj.vavr.api.OptionAssert_hasValueSatisfying_Condition_Test
[INFO] Tests run: 5, Failures: 0, Errors: 0, Skipped: 0, Time elapsed: 0.001 s - in org.assertj.vavr.api.OptionAssert_hasValueSatisfying_Condition_Test
[INFO] Running org.assertj.vavr.api.MultimapAssert_hasEntrySatisfying_Test
[INFO] Tests run: 6, Failures: 0, Errors: 0, Skipped: 0, Time elapsed: 0.003 s - in org.assertj.vavr.api.MultimapAssert_hasEntrySatisfying_Test
[INFO] Running org.assertj.vavr.api.EitherAssert_hasLeftValueSatisfying_Test
[INFO] Tests run: 4, Failures: 0, Errors: 0, Skipped: 0, Time elapsed: 0.002 s - in org.assertj.vavr.api.EitherAssert_hasLeftValueSatisfying_Test
[INFO] Running org.assertj.vavr.api.MapAssert_allSatisfy_Test
[INFO] Tests run: 5, Failures: 0, Errors: 0, Skipped: 0, Time elapsed: 0.001 s - in org.assertj.vavr.api.MapAssert_allSatisfy_Test
[INFO] Running org.assertj.vavr.api.MapAssert_hasSize_Test
[INFO] Tests run: 3, Failures: 0, Errors: 0, Skipped: 0, Time elapsed: 0.001 s - in org.assertj.vavr.api.MapAssert_hasSize_Test
[INFO] Running org.assertj.vavr.api.MultimapAssert_doesNotContainValue_Test
[INFO] Tests run: 4, Failures: 0, Errors: 0, Skipped: 0, Time elapsed: 0.002 s - in org.assertj.vavr.api.MultimapAssert_doesNotContainValue_Test
[INFO] Running org.assertj.vavr.api.OptionAssert_contains_Test
[INFO] Tests run: 4, Failures: 0, Errors: 0, Skipped: 0, Time elapsed: 0.001 s - in org.assertj.vavr.api.OptionAssert_contains_Test
[INFO] Running org.assertj.vavr.api.OptionAssert_containsSame_Test
[INFO] Tests run: 6, Failures: 0, Errors: 0, Skipped: 0, Time elapsed: 0.001 s - in org.assertj.vavr.api.OptionAssert_containsSame_Test
[INFO] Running org.assertj.vavr.api.EitherAssert_containsOnRight_usingValueComparator_Test
[INFO] Tests run: 4, Failures: 0, Errors: 0, Skipped: 0, Time elapsed: 0.001 s - in org.assertj.vavr.api.EitherAssert_containsOnRight_usingValueComparator_Test
[INFO] Running org.assertj.vavr.api.SeqAssert_has_atIndex_Test
[INFO] Tests run: 5, Failures: 0, Errors: 0, Skipped: 0, Time elapsed: 0.001 s - in org.assertj.vavr.api.SeqAssert_has_atIndex_Test
[INFO] Running org.assertj.vavr.api.TryAssert_hasValueSatisfying_Test
[INFO] Tests run: 4, Failures: 0, Errors: 0, Skipped: 0, Time elapsed: 0.002 s - in org.assertj.vavr.api.TryAssert_hasValueSatisfying_Test
[INFO] Running org.assertj.vavr.api.MultimapAssert_containsValue_Test
[INFO] Tests run: 4, Failures: 0, Errors: 0, Skipped: 0, Time elapsed: 0 s - in org.assertj.vavr.api.MultimapAssert_containsValue_Test
[INFO] Running org.assertj.vavr.api.SetAssert_isEmpty_Test
[INFO] Tests run: 3, Failures: 0, Errors: 0, Skipped: 0, Time elapsed: 0 s - in org.assertj.vavr.api.SetAssert_isEmpty_Test
[INFO] Running org.assertj.vavr.api.Map_assertion_methods_in_assumptions_Test
[INFO] Tests run: 34, Failures: 0, Errors: 0, Skipped: 0, Time elapsed: 0.087 s - in org.assertj.vavr.api.Map_assertion_methods_in_assumptions_Test
[INFO] Running org.assertj.vavr.api.SetAssert_allSatisfy_Test
[INFO] Tests run: 5, Failures: 0, Errors: 0, Skipped: 0, Time elapsed: 0 s - in org.assertj.vavr.api.SetAssert_allSatisfy_Test
[INFO] Running org.assertj.vavr.api.Try_assertion_methods_in_assumptions_Test
[INFO] Tests run: 16, Failures: 0, Errors: 0, Skipped: 0, Time elapsed: 0.049 s - in org.assertj.vavr.api.Try_assertion_methods_in_assumptions_Test
[INFO] Running org.assertj.vavr.api.EitherAssert_isLeft_Test
[INFO] Tests run: 3, Failures: 0, Errors: 0, Skipped: 0, Time elapsed: 0 s - in org.assertj.vavr.api.EitherAssert_isLeft_Test
[INFO] Running org.assertj.vavr.api.TryAssert_contains_Test
[INFO] Tests run: 6, Failures: 0, Errors: 0, Skipped: 0, Time elapsed: 0.001 s - in org.assertj.vavr.api.TryAssert_contains_Test
[INFO] Running org.assertj.vavr.api.Seq_assertion_methods_in_assumptions_Test
[INFO] Tests run: 10, Failures: 0, Errors: 0, Skipped: 0, Time elapsed: 0.084 s - in org.assertj.vavr.api.Seq_assertion_methods_in_assumptions_Test
[INFO] Running org.assertj.vavr.api.MapAssert_contains_entries_Test
[INFO] Tests run: 7, Failures: 0, Errors: 0, Skipped: 0, Time elapsed: 0.002 s - in org.assertj.vavr.api.MapAssert_contains_entries_Test
[INFO] Running org.assertj.vavr.api.MultimapAssert_containsKeys_Test
[INFO] Tests run: 5, Failures: 0, Errors: 0, Skipped: 0, Time elapsed: 0.002 s - in org.assertj.vavr.api.MultimapAssert_containsKeys_Test
[INFO] Running org.assertj.vavr.api.MultimapAssert_doesNotContainKeys_Test
[INFO] Tests run: 5, Failures: 0, Errors: 0, Skipped: 0, Time elapsed: 0.001 s - in org.assertj.vavr.api.MultimapAssert_doesNotContainKeys_Test
[INFO] Running org.assertj.vavr.api.EitherAssert_containsRight_Test
[INFO] Tests run: 4, Failures: 0, Errors: 0, Skipped: 0, Time elapsed: 0.002 s - in org.assertj.vavr.api.EitherAssert_containsRight_Test
[INFO] Running org.assertj.vavr.api.MapAssert_containsValue_Test
[INFO] Tests run: 4, Failures: 0, Errors: 0, Skipped: 0, Time elapsed: 0.001 s - in org.assertj.vavr.api.MapAssert_containsValue_Test
[INFO] Running org.assertj.vavr.api.MultimapAssert_isEmpty_Test
[INFO] Tests run: 3, Failures: 0, Errors: 0, Skipped: 0, Time elapsed: 0 s - in org.assertj.vavr.api.MultimapAssert_isEmpty_Test
[INFO] Running org.assertj.vavr.api.OptionAssert_hasValueSatisfying_Test
[INFO] Tests run: 4, Failures: 0, Errors: 0, Skipped: 0, Time elapsed: 0.002 s - in org.assertj.vavr.api.OptionAssert_hasValueSatisfying_Test
[INFO] Running org.assertj.vavr.api.MultiMapAssert_isEqualTo_Test
[INFO] Tests run: 3, Failures: 0, Errors: 0, Skipped: 0, Time elapsed: 0.002 s - in org.assertj.vavr.api.MultiMapAssert_isEqualTo_Test
[INFO] Running org.assertj.vavr.api.SeqAssert_doesNotContain_atIndex_Test
[INFO] Tests run: 4, Failures: 0, Errors: 0, Skipped: 0, Time elapsed: 0.001 s - in org.assertj.vavr.api.SeqAssert_doesNotContain_atIndex_Test
[INFO] Running org.assertj.vavr.api.MultimapAssert_isNotEmpty_Test
[INFO] Tests run: 3, Failures: 0, Errors: 0, Skipped: 0, Time elapsed: 0.001 s - in org.assertj.vavr.api.MultimapAssert_isNotEmpty_Test
[INFO] Running org.assertj.vavr.api.MultimapAssert_contains_anyOf_entries_Test
[INFO] Tests run: 7, Failures: 0, Errors: 0, Skipped: 0, Time elapsed: 0.002 s - in org.assertj.vavr.api.MultimapAssert_contains_anyOf_entries_Test
[INFO] Running org.assertj.vavr.api.SeqAssert_isSorted_Test
[INFO] Tests run: 7, Failures: 0, Errors: 0, Skipped: 0, Time elapsed: 0.002 s - in org.assertj.vavr.api.SeqAssert_isSorted_Test
[INFO] Running org.assertj.vavr.api.ValidationAssert_containsInvalidSatisfying_Consumer_Test
[INFO] Tests run: 5, Failures: 0, Errors: 0, Skipped: 0, Time elapsed: 0.001 s - in org.assertj.vavr.api.ValidationAssert_containsInvalidSatisfying_Consumer_Test
[INFO] Running org.assertj.vavr.api.TryAssert_isFailure_Test
[INFO] Tests run: 3, Failures: 0, Errors: 0, Skipped: 0, Time elapsed: 0 s - in org.assertj.vavr.api.TryAssert_isFailure_Test
[INFO] Running org.assertj.vavr.api.MultimapAssert_containsValues_Test
[INFO] Tests run: 4, Failures: 0, Errors: 0, Skipped: 0, Time elapsed: 0.001 s - in org.assertj.vavr.api.MultimapAssert_containsValues_Test
[INFO] Running org.assertj.vavr.api.ValidationAssert_containsInvalidSame_Test
[INFO] Tests run: 5, Failures: 0, Errors: 0, Skipped: 0, Time elapsed: 0.001 s - in org.assertj.vavr.api.ValidationAssert_containsInvalidSame_Test
[INFO] Running org.assertj.vavr.api.MultimapAssert_doesNotContainEntry_Test
[INFO] Tests run: 4, Failures: 0, Errors: 0, Skipped: 0, Time elapsed: 0.001 s - in org.assertj.vavr.api.MultimapAssert_doesNotContainEntry_Test
[INFO] Running org.assertj.vavr.api.MultimapAssert_containsAllEntriesOf_Test
[INFO] Tests run: 7, Failures: 0, Errors: 0, Skipped: 0, Time elapsed: 0.002 s - in org.assertj.vavr.api.MultimapAssert_containsAllEntriesOf_Test
[INFO] Running org.assertj.vavr.api.MapAssert_hasSameSizeAs_Array_Test
[INFO] Tests run: 5, Failures: 0, Errors: 0, Skipped: 0, Time elapsed: 0.001 s - in org.assertj.vavr.api.MapAssert_hasSameSizeAs_Array_Test
[INFO] Running org.assertj.vavr.api.MapAssert_doesNotContainKey_Test
[INFO] Tests run: 5, Failures: 0, Errors: 0, Skipped: 0, Time elapsed: 0.001 s - in org.assertj.vavr.api.MapAssert_doesNotContainKey_Test
[INFO] Running org.assertj.vavr.api.MultimapAssert_hasSizeLessThan_Test
[INFO] Tests run: 3, Failures: 0, Errors: 0, Skipped: 0, Time elapsed: 0 s - in org.assertj.vavr.api.MultimapAssert_hasSizeLessThan_Test
[INFO] Running org.assertj.vavr.api.OptionAssert_contains_usingValueComparator_Test
[INFO] Tests run: 4, Failures: 0, Errors: 0, Skipped: 0, Time elapsed: 0 s - in org.assertj.vavr.api.OptionAssert_contains_usingValueComparator_Test
[INFO] Running org.assertj.vavr.api.Either_assertion_methods_in_assumptions_Test
[INFO] Tests run: 16, Failures: 0, Errors: 0, Skipped: 0, Time elapsed: 0.057 s - in org.assertj.vavr.api.Either_assertion_methods_in_assumptions_Test
[INFO] Running org.assertj.vavr.api.MultimapAssert_hasSameSizeAs_Array_Test
[INFO] Tests run: 5, Failures: 0, Errors: 0, Skipped: 0, Time elapsed: 0.001 s - in org.assertj.vavr.api.MultimapAssert_hasSameSizeAs_Array_Test
[INFO] Running org.assertj.vavr.api.EitherAssert_isRight_Test
[INFO] Tests run: 3, Failures: 0, Errors: 0, Skipped: 0, Time elapsed: 0 s - in org.assertj.vavr.api.EitherAssert_isRight_Test
[INFO] Running org.assertj.vavr.api.MapAssert_hasSameSizeAs_Iterable_Test
[INFO] Tests run: 4, Failures: 0, Errors: 0, Skipped: 0, Time elapsed: 0 s - in org.assertj.vavr.api.MapAssert_hasSameSizeAs_Iterable_Test
[INFO] Running org.assertj.vavr.api.MultimapAssert_containsOnlyKeys_Test
[INFO] Tests run: 6, Failures: 0, Errors: 0, Skipped: 0, Time elapsed: 0.002 s - in org.assertj.vavr.api.MultimapAssert_containsOnlyKeys_Test
[INFO] Running org.assertj.vavr.api.MultimapAssert_isNullOrEmpty_Test
[INFO] Tests run: 3, Failures: 0, Errors: 0, Skipped: 0, Time elapsed: 0.001 s - in org.assertj.vavr.api.MultimapAssert_isNullOrEmpty_Test
[INFO] Running org.assertj.vavr.api.Multimap_assertion_methods_in_assumptions_Test
[INFO] Tests run: 34, Failures: 0, Errors: 0, Skipped: 0, Time elapsed: 0.062 s - in org.assertj.vavr.api.Multimap_assertion_methods_in_assumptions_Test
[INFO] Running org.assertj.vavr.api.MapAssert_hasSizeGreaterThan_Test
[INFO] Tests run: 3, Failures: 0, Errors: 0, Skipped: 0, Time elapsed: 0 s - in org.assertj.vavr.api.MapAssert_hasSizeGreaterThan_Test
[INFO] Running org.assertj.vavr.api.SeqAssert_is_atIndex_Test
[INFO] Tests run: 5, Failures: 0, Errors: 0, Skipped: 0, Time elapsed: 0.002 s - in org.assertj.vavr.api.SeqAssert_is_atIndex_Test
[INFO] Running org.assertj.vavr.api.ValidationAssert_containsValidInstanceOf_Test
[INFO] Tests run: 5, Failures: 0, Errors: 0, Skipped: 0, Time elapsed: 0.001 s - in org.assertj.vavr.api.ValidationAssert_containsValidInstanceOf_Test
[INFO] Running org.assertj.vavr.api.MapAssert_doesNotContainValue_Test
[INFO] Tests run: 4, Failures: 0, Errors: 0, Skipped: 0, Time elapsed: 0.001 s - in org.assertj.vavr.api.MapAssert_doesNotContainValue_Test
[INFO] Running org.assertj.vavr.api.MapAssert_containsKey_Test
[INFO] Tests run: 5, Failures: 0, Errors: 0, Skipped: 0, Time elapsed: 0.001 s - in org.assertj.vavr.api.MapAssert_containsKey_Test
[INFO] Running org.assertj.vavr.api.MultimapAssert_containsExactly_Test
[INFO] Tests run: 9, Failures: 0, Errors: 0, Skipped: 0, Time elapsed: 0.002 s - in org.assertj.vavr.api.MultimapAssert_containsExactly_Test
[INFO] Running org.assertj.vavr.api.TryAssert_contains_usingFieldByFieldValueComparator_Test
[INFO] Tests run: 4, Failures: 0, Errors: 0, Skipped: 0, Time elapsed: 0.001 s - in org.assertj.vavr.api.TryAssert_contains_usingFieldByFieldValueComparator_Test
[INFO] Running org.assertj.vavr.api.MapAssert_hasEntrySatisfying_Test
[INFO] Tests run: 6, Failures: 0, Errors: 0, Skipped: 0, Time elapsed: 0.001 s - in org.assertj.vavr.api.MapAssert_hasEntrySatisfying_Test
[INFO] Running org.assertj.vavr.api.OptionAssert_contains_usingFieldByFieldValueComparator_Test
[INFO] Tests run: 4, Failures: 0, Errors: 0, Skipped: 0, Time elapsed: 0 s - in org.assertj.vavr.api.OptionAssert_contains_usingFieldByFieldValueComparator_Test
[INFO] Running org.assertj.vavr.api.ValidationAssert_containsValidSatisfying_Consumer_Test
[INFO] Tests run: 5, Failures: 0, Errors: 0, Skipped: 0, Time elapsed: 0.001 s - in org.assertj.vavr.api.ValidationAssert_containsValidSatisfying_Consumer_Test
[INFO] Running org.assertj.vavr.api.OptionAssert_containsInstanceOf_Test
[INFO] Tests run: 4, Failures: 0, Errors: 0, Skipped: 0, Time elapsed: 0.001 s - in org.assertj.vavr.api.OptionAssert_containsInstanceOf_Test
[INFO] Running org.assertj.vavr.api.MapAssert_doesNotContain_entries_Test
[INFO] Tests run: 6, Failures: 0, Errors: 0, Skipped: 0, Time elapsed: 0.001 s - in org.assertj.vavr.api.MapAssert_doesNotContain_entries_Test
[INFO] Running org.assertj.vavr.api.OptionAssert_flatMap_Test
[INFO] Tests run: 3, Failures: 0, Errors: 0, Skipped: 0, Time elapsed: 0 s - in org.assertj.vavr.api.OptionAssert_flatMap_Test
[INFO] Running org.assertj.vavr.api.soft.AutoCloseableSoftVavrAssertionsTest
[INFO] Tests run: 2, Failures: 0, Errors: 0, Skipped: 0, Time elapsed: 0.507 s - in org.assertj.vavr.api.soft.AutoCloseableSoftVavrAssertionsTest
[INFO] Running org.assertj.vavr.api.soft.SoftVavrAssertionsTest
[INFO] Tests run: 2, Failures: 0, Errors: 0, Skipped: 0, Time elapsed: 0.01 s - in org.assertj.vavr.api.soft.SoftVavrAssertionsTest
[INFO]
[INFO] Results:
[INFO]
[INFO] Tests run: 732, Failures: 0, Errors: 0, Skipped: 0
[INFO]
[INFO] ------------------------------------------------------------------------
[INFO] BUILD SUCCESS
[INFO] ------------------------------------------------------------------------
[INFO] Total time:  6.414 s
[INFO] Finished at: 2024-06-18T14:25:31+01:00
[INFO] ------------------------------------------------------------------------
